<?xml version="1.0" encoding="UTF-8"?>
<testsuite name="com.mindex.challenge.controller.EmployeeControllerTest" tests="2" skipped="0" failures="0" errors="0" timestamp="2024-02-08T00:13:47" hostname="mlinux" time="0.265">
  <properties/>
  <testcase name="testReportingStructure" classname="com.mindex.challenge.controller.EmployeeControllerTest" time="0.23"/>
  <testcase name="testCreateReadCompensation" classname="com.mindex.challenge.controller.EmployeeControllerTest" time="0.034"/>
  <system-out><![CDATA[19:13:45.830 [Test worker] DEBUG org.springframework.test.context.junit4.SpringJUnit4ClassRunner - SpringJUnit4ClassRunner constructor called with [class com.mindex.challenge.controller.EmployeeControllerTest]
19:13:45.833 [Test worker] DEBUG org.springframework.test.context.BootstrapUtils - Instantiating CacheAwareContextLoaderDelegate from class [org.springframework.test.context.cache.DefaultCacheAwareContextLoaderDelegate]
19:13:45.837 [Test worker] DEBUG org.springframework.test.context.BootstrapUtils - Instantiating BootstrapContext using constructor [public org.springframework.test.context.support.DefaultBootstrapContext(java.lang.Class,org.springframework.test.context.CacheAwareContextLoaderDelegate)]
19:13:45.856 [Test worker] DEBUG org.springframework.test.context.BootstrapUtils - Instantiating TestContextBootstrapper for test class [com.mindex.challenge.controller.EmployeeControllerTest] from class [org.springframework.boot.test.context.SpringBootTestContextBootstrapper]
19:13:45.865 [Test worker] INFO org.springframework.boot.test.context.SpringBootTestContextBootstrapper - Neither @ContextConfiguration nor @ContextHierarchy found for test class [com.mindex.challenge.controller.EmployeeControllerTest], using SpringBootContextLoader
19:13:45.867 [Test worker] DEBUG org.springframework.test.context.support.AbstractContextLoader - Did not detect default resource location for test class [com.mindex.challenge.controller.EmployeeControllerTest]: class path resource [com/mindex/challenge/controller/EmployeeControllerTest-context.xml] does not exist
19:13:45.867 [Test worker] DEBUG org.springframework.test.context.support.AbstractContextLoader - Did not detect default resource location for test class [com.mindex.challenge.controller.EmployeeControllerTest]: class path resource [com/mindex/challenge/controller/EmployeeControllerTestContext.groovy] does not exist
19:13:45.867 [Test worker] INFO org.springframework.test.context.support.AbstractContextLoader - Could not detect default resource locations for test class [com.mindex.challenge.controller.EmployeeControllerTest]: no resource found for suffixes {-context.xml, Context.groovy}.
19:13:45.868 [Test worker] INFO org.springframework.test.context.support.AnnotationConfigContextLoaderUtils - Could not detect default configuration classes for test class [com.mindex.challenge.controller.EmployeeControllerTest]: EmployeeControllerTest does not declare any static, non-private, non-final, nested classes annotated with @Configuration.
19:13:45.889 [Test worker] DEBUG org.springframework.test.context.support.ActiveProfilesUtils - Could not find an 'annotation declaring class' for annotation type [org.springframework.test.context.ActiveProfiles] and class [com.mindex.challenge.controller.EmployeeControllerTest]
19:13:45.934 [Test worker] DEBUG org.springframework.context.annotation.ClassPathScanningCandidateComponentProvider - Identified candidate component class: file [/home/mike/c/mindex-java-code-challenge/build/classes/java/main/com/mindex/challenge/ChallengeApplication.class]
19:13:45.935 [Test worker] INFO org.springframework.boot.test.context.SpringBootTestContextBootstrapper - Found @SpringBootConfiguration com.mindex.challenge.ChallengeApplication for test class com.mindex.challenge.controller.EmployeeControllerTest
19:13:45.984 [Test worker] DEBUG org.springframework.boot.test.context.SpringBootTestContextBootstrapper - @TestExecutionListeners is not present for class [com.mindex.challenge.controller.EmployeeControllerTest]: using defaults.
19:13:45.984 [Test worker] INFO org.springframework.boot.test.context.SpringBootTestContextBootstrapper - Loaded default TestExecutionListener class names from location [META-INF/spring.factories]: [org.springframework.boot.test.autoconfigure.restdocs.RestDocsTestExecutionListener, org.springframework.boot.test.autoconfigure.web.client.MockRestServiceServerResetTestExecutionListener, org.springframework.boot.test.autoconfigure.web.servlet.MockMvcPrintOnlyOnFailureTestExecutionListener, org.springframework.boot.test.autoconfigure.web.servlet.WebDriverTestExecutionListener, org.springframework.boot.test.mock.mockito.MockitoTestExecutionListener, org.springframework.boot.test.mock.mockito.ResetMocksTestExecutionListener, org.springframework.test.context.web.ServletTestExecutionListener, org.springframework.test.context.support.DirtiesContextBeforeModesTestExecutionListener, org.springframework.test.context.support.DependencyInjectionTestExecutionListener, org.springframework.test.context.support.DirtiesContextTestExecutionListener, org.springframework.test.context.transaction.TransactionalTestExecutionListener, org.springframework.test.context.jdbc.SqlScriptsTestExecutionListener, org.springframework.test.context.event.EventPublishingTestExecutionListener]
19:13:45.991 [Test worker] INFO org.springframework.boot.test.context.SpringBootTestContextBootstrapper - Using TestExecutionListeners: [org.springframework.test.context.web.ServletTestExecutionListener@35de3ce6, org.springframework.test.context.support.DirtiesContextBeforeModesTestExecutionListener@6d469520, org.springframework.boot.test.mock.mockito.MockitoTestExecutionListener@6ba23875, org.springframework.boot.test.autoconfigure.SpringBootDependencyInjectionTestExecutionListener@3ceda534, org.springframework.test.context.support.DirtiesContextTestExecutionListener@78108743, org.springframework.test.context.transaction.TransactionalTestExecutionListener@2126f2f4, org.springframework.test.context.jdbc.SqlScriptsTestExecutionListener@5b3d1735, org.springframework.test.context.event.EventPublishingTestExecutionListener@a28cd63, org.springframework.boot.test.autoconfigure.restdocs.RestDocsTestExecutionListener@76fe79fa, org.springframework.boot.test.autoconfigure.web.client.MockRestServiceServerResetTestExecutionListener@60d98483, org.springframework.boot.test.autoconfigure.web.servlet.MockMvcPrintOnlyOnFailureTestExecutionListener@536eb312, org.springframework.boot.test.autoconfigure.web.servlet.WebDriverTestExecutionListener@1f612fc9, org.springframework.boot.test.mock.mockito.ResetMocksTestExecutionListener@1a55b476]
19:13:45.993 [Test worker] DEBUG org.springframework.test.annotation.ProfileValueUtils - Retrieved @ProfileValueSourceConfiguration [null] for test class [com.mindex.challenge.controller.EmployeeControllerTest]
19:13:45.994 [Test worker] DEBUG org.springframework.test.annotation.ProfileValueUtils - Retrieved ProfileValueSource type [class org.springframework.test.annotation.SystemProfileValueSource] for class [com.mindex.challenge.controller.EmployeeControllerTest]
19:13:45.995 [Test worker] DEBUG org.springframework.test.annotation.ProfileValueUtils - Retrieved @ProfileValueSourceConfiguration [null] for test class [com.mindex.challenge.controller.EmployeeControllerTest]
19:13:45.995 [Test worker] DEBUG org.springframework.test.annotation.ProfileValueUtils - Retrieved ProfileValueSource type [class org.springframework.test.annotation.SystemProfileValueSource] for class [com.mindex.challenge.controller.EmployeeControllerTest]
19:13:45.995 [Test worker] DEBUG org.springframework.test.annotation.ProfileValueUtils - Retrieved @ProfileValueSourceConfiguration [null] for test class [com.mindex.challenge.controller.EmployeeControllerTest]
19:13:45.995 [Test worker] DEBUG org.springframework.test.annotation.ProfileValueUtils - Retrieved ProfileValueSource type [class org.springframework.test.annotation.SystemProfileValueSource] for class [com.mindex.challenge.controller.EmployeeControllerTest]
19:13:45.997 [Test worker] DEBUG org.springframework.test.context.support.AbstractDirtiesContextTestExecutionListener - Before test class: context [DefaultTestContext@70ca5b3c testClass = EmployeeControllerTest, testInstance = [null], testMethod = [null], testException = [null], mergedContextConfiguration = [WebMergedContextConfiguration@32461fdc testClass = EmployeeControllerTest, locations = '{}', classes = '{class com.mindex.challenge.ChallengeApplication}', contextInitializerClasses = '[]', activeProfiles = '{}', propertySourceLocations = '{}', propertySourceProperties = '{org.springframework.boot.test.context.SpringBootTestContextBootstrapper=true, server.port=0}', contextCustomizers = set[org.springframework.boot.test.autoconfigure.properties.PropertyMappingContextCustomizer@0, org.springframework.boot.test.autoconfigure.web.servlet.WebDriverContextCustomizerFactory$Customizer@79d14b5d, org.springframework.boot.test.context.filter.ExcludeFilterContextCustomizer@9912164, org.springframework.boot.test.json.DuplicateJsonObjectContextCustomizerFactory$DuplicateJsonObjectContextCustomizer@4485dcc3, org.springframework.boot.test.mock.mockito.MockitoContextCustomizer@0, org.springframework.boot.test.web.client.TestRestTemplateContextCustomizer@3228200d], resourceBasePath = 'src/main/webapp', contextLoader = 'org.springframework.boot.test.context.SpringBootContextLoader', parent = [null]], attributes = map['org.springframework.test.context.web.ServletTestExecutionListener.activateListener' -> false]], class annotated with @DirtiesContext [false] with mode [null].
19:13:45.998 [Test worker] DEBUG org.springframework.test.annotation.ProfileValueUtils - Retrieved @ProfileValueSourceConfiguration [null] for test class [com.mindex.challenge.controller.EmployeeControllerTest]
19:13:45.998 [Test worker] DEBUG org.springframework.test.annotation.ProfileValueUtils - Retrieved ProfileValueSource type [class org.springframework.test.annotation.SystemProfileValueSource] for class [com.mindex.challenge.controller.EmployeeControllerTest]
19:13:46.000 [Test worker] DEBUG org.springframework.test.context.support.DependencyInjectionTestExecutionListener - Performing dependency injection for test context [[DefaultTestContext@70ca5b3c testClass = EmployeeControllerTest, testInstance = com.mindex.challenge.controller.EmployeeControllerTest@346eedd3, testMethod = [null], testException = [null], mergedContextConfiguration = [WebMergedContextConfiguration@32461fdc testClass = EmployeeControllerTest, locations = '{}', classes = '{class com.mindex.challenge.ChallengeApplication}', contextInitializerClasses = '[]', activeProfiles = '{}', propertySourceLocations = '{}', propertySourceProperties = '{org.springframework.boot.test.context.SpringBootTestContextBootstrapper=true, server.port=0}', contextCustomizers = set[org.springframework.boot.test.autoconfigure.properties.PropertyMappingContextCustomizer@0, org.springframework.boot.test.autoconfigure.web.servlet.WebDriverContextCustomizerFactory$Customizer@79d14b5d, org.springframework.boot.test.context.filter.ExcludeFilterContextCustomizer@9912164, org.springframework.boot.test.json.DuplicateJsonObjectContextCustomizerFactory$DuplicateJsonObjectContextCustomizer@4485dcc3, org.springframework.boot.test.mock.mockito.MockitoContextCustomizer@0, org.springframework.boot.test.web.client.TestRestTemplateContextCustomizer@3228200d], resourceBasePath = 'src/main/webapp', contextLoader = 'org.springframework.boot.test.context.SpringBootContextLoader', parent = [null]], attributes = map['org.springframework.test.context.web.ServletTestExecutionListener.activateListener' -> false]]].
19:13:46.009 [Test worker] DEBUG org.springframework.test.context.support.TestPropertySourceUtils - Adding inlined properties to environment: {spring.jmx.enabled=false, org.springframework.boot.test.context.SpringBootTestContextBootstrapper=true, server.port=0}

  .   ____          _            __ _ _
 /\\ / ___'_ __ _ _(_)_ __  __ _ \ \ \ \
( ( )\___ | '_ | '_| | '_ \/ _` | \ \ \ \
 \\/  ___)| |_)| | | | | || (_| |  ) ) ) )
  '  |____| .__|_| |_|_| |_\__, | / / / /
 =========|_|==============|___/=/_/_/_/
 :: Spring Boot ::        (v2.2.0.RELEASE)

2024-02-07 19:13:46.159  INFO 17412 --- [    Test worker] c.m.c.controller.EmployeeControllerTest  : Starting EmployeeControllerTest on mlinux with PID 17412 (started by mike in /home/mike/c/mindex-java-code-challenge)
2024-02-07 19:13:46.160 DEBUG 17412 --- [    Test worker] c.m.c.controller.EmployeeControllerTest  : Running with Spring Boot v2.2.0.RELEASE, Spring v5.2.0.RELEASE
2024-02-07 19:13:46.161  INFO 17412 --- [    Test worker] c.m.c.controller.EmployeeControllerTest  : No active profile set, falling back to default profiles: default
2024-02-07 19:13:46.361  INFO 17412 --- [    Test worker] .s.d.r.c.RepositoryConfigurationDelegate : Bootstrapping Spring Data repositories in DEFAULT mode.
2024-02-07 19:13:46.387  INFO 17412 --- [    Test worker] .s.d.r.c.RepositoryConfigurationDelegate : Finished Spring Data repository scanning in 23ms. Found 2 repository interfaces.
2024-02-07 19:13:46.757  INFO 17412 --- [    Test worker] o.s.b.w.embedded.tomcat.TomcatWebServer  : Tomcat initialized with port(s): 0 (http)
2024-02-07 19:13:46.763  INFO 17412 --- [    Test worker] o.apache.catalina.core.StandardService   : Starting service [Tomcat]
2024-02-07 19:13:46.764  INFO 17412 --- [    Test worker] org.apache.catalina.core.StandardEngine  : Starting Servlet engine: [Apache Tomcat/9.0.27]
2024-02-07 19:13:46.810  INFO 17412 --- [    Test worker] o.a.c.c.C.[Tomcat].[localhost].[/]       : Initializing Spring embedded WebApplicationContext
2024-02-07 19:13:46.810  INFO 17412 --- [    Test worker] o.s.web.context.ContextLoader            : Root WebApplicationContext: initialization completed in 636 ms
2024-02-07 19:13:46.972  INFO 17412 --- [    Test worker] de.bwaldvogel.mongo.MongoServer          : started MongoServer(port: 39219, ssl: false)
2024-02-07 19:13:47.002  INFO 17412 --- [    Test worker] org.mongodb.driver.cluster               : Cluster created with settings {hosts=[127.0.0.1:39219], mode=SINGLE, requiredClusterType=UNKNOWN, serverSelectionTimeout='30000 ms', maxWaitQueueSize=500}
2024-02-07 19:13:47.029  INFO 17412 --- [-server-worker1] d.b.mongo.wire.MongoWireProtocolHandler  : client [id: 0xb2f0d0ae, L:/127.0.0.1:39219 - R:/127.0.0.1:50140] connected
2024-02-07 19:13:47.059  WARN 17412 --- [    Test worker] o.s.data.convert.CustomConversions       : Registering converter from class java.time.LocalDateTime to class java.time.Instant as reading converter although it doesn't convert from a store-supported type! You might wanna check you annotation setup at the converter implementation.
2024-02-07 19:13:47.059  WARN 17412 --- [    Test worker] o.s.data.convert.CustomConversions       : Registering converter from class java.time.Instant to class java.time.LocalDateTime as reading converter although it doesn't convert from a store-supported type! You might wanna check you annotation setup at the converter implementation.
2024-02-07 19:13:47.062  WARN 17412 --- [    Test worker] o.s.data.convert.CustomConversions       : Registering converter from class java.time.LocalDateTime to class java.time.Instant as reading converter although it doesn't convert from a store-supported type! You might wanna check you annotation setup at the converter implementation.
2024-02-07 19:13:47.063  WARN 17412 --- [    Test worker] o.s.data.convert.CustomConversions       : Registering converter from class java.time.Instant to class java.time.LocalDateTime as reading converter although it doesn't convert from a store-supported type! You might wanna check you annotation setup at the converter implementation.
2024-02-07 19:13:47.063  INFO 17412 --- [127.0.0.1:39219] org.mongodb.driver.connection            : Opened connection [connectionId{localValue:1}] to 127.0.0.1:39219
2024-02-07 19:13:47.064  INFO 17412 --- [127.0.0.1:39219] org.mongodb.driver.cluster               : Monitor thread successfully connected to server with description ServerDescription{address=127.0.0.1:39219, type=STANDALONE, state=CONNECTED, ok=true, version=ServerVersion{versionList=[3, 0, 0]}, minWireVersion=0, maxWireVersion=2, maxDocumentSize=16777216, logicalSessionTimeoutMinutes=null, roundTripTimeNanos=882717}
2024-02-07 19:13:47.245  INFO 17412 --- [-server-worker2] d.b.mongo.wire.MongoWireProtocolHandler  : client [id: 0x3e340c76, L:/127.0.0.1:39219 - R:/127.0.0.1:50152] connected
2024-02-07 19:13:47.248  INFO 17412 --- [    Test worker] org.mongodb.driver.connection            : Opened connection [connectionId{localValue:2}] to 127.0.0.1:39219
2024-02-07 19:13:47.259  INFO 17412 --- [-server-worker2] d.b.mongo.backend.AbstractMongoBackend   : created database test
2024-02-07 19:13:47.264  INFO 17412 --- [-server-worker2] d.b.mongo.backend.AbstractMongoDatabase  : adding unique _id index for collection employee
2024-02-07 19:13:47.265  INFO 17412 --- [-server-worker2] d.b.mongo.backend.AbstractMongoDatabase  : created collection test.employee
2024-02-07 19:13:47.391  INFO 17412 --- [    Test worker] o.s.s.concurrent.ThreadPoolTaskExecutor  : Initializing ExecutorService 'applicationTaskExecutor'
2024-02-07 19:13:47.502  WARN 17412 --- [    Test worker] o.s.data.convert.CustomConversions       : Registering converter from class java.time.LocalDateTime to class java.time.Instant as reading converter although it doesn't convert from a store-supported type! You might wanna check you annotation setup at the converter implementation.
2024-02-07 19:13:47.502  WARN 17412 --- [    Test worker] o.s.data.convert.CustomConversions       : Registering converter from class java.time.Instant to class java.time.LocalDateTime as reading converter although it doesn't convert from a store-supported type! You might wanna check you annotation setup at the converter implementation.
2024-02-07 19:13:47.514  WARN 17412 --- [    Test worker] o.s.data.convert.CustomConversions       : Registering converter from class java.time.LocalDateTime to class java.time.Instant as reading converter although it doesn't convert from a store-supported type! You might wanna check you annotation setup at the converter implementation.
2024-02-07 19:13:47.514  WARN 17412 --- [    Test worker] o.s.data.convert.CustomConversions       : Registering converter from class java.time.Instant to class java.time.LocalDateTime as reading converter although it doesn't convert from a store-supported type! You might wanna check you annotation setup at the converter implementation.
2024-02-07 19:13:47.570  INFO 17412 --- [    Test worker] o.s.b.w.embedded.tomcat.TomcatWebServer  : Tomcat started on port(s): 34201 (http) with context path ''
2024-02-07 19:13:47.571  INFO 17412 --- [    Test worker] c.m.c.controller.EmployeeControllerTest  : Started EmployeeControllerTest in 1.561 seconds (JVM running for 2.022)
2024-02-07 19:13:47.656 DEBUG 17412 --- [    Test worker] c.m.c.controller.EmployeeController      : Received employee read request for id [16a596ae-edd3-4847-99fe-c4518e82c86f]
2024-02-07 19:13:47.656 DEBUG 17412 --- [    Test worker] c.m.c.service.impl.EmployeeServiceImpl   : Reading employee with id [16a596ae-edd3-4847-99fe-c4518e82c86f]
2024-02-07 19:13:47.747  INFO 17412 --- [o-auto-1-exec-1] o.a.c.c.C.[Tomcat].[localhost].[/]       : Initializing Spring DispatcherServlet 'dispatcherServlet'
2024-02-07 19:13:47.747  INFO 17412 --- [o-auto-1-exec-1] o.s.web.servlet.DispatcherServlet        : Initializing Servlet 'dispatcherServlet'
2024-02-07 19:13:47.754  INFO 17412 --- [o-auto-1-exec-1] o.s.web.servlet.DispatcherServlet        : Completed initialization in 7 ms
2024-02-07 19:13:47.772 DEBUG 17412 --- [o-auto-1-exec-1] c.m.c.controller.EmployeeController      : Received reporting structure request for id [16a596ae-edd3-4847-99fe-c4518e82c86f]
2024-02-07 19:13:47.772 DEBUG 17412 --- [o-auto-1-exec-1] c.m.c.service.impl.EmployeeServiceImpl   : Reading employee with id [16a596ae-edd3-4847-99fe-c4518e82c86f]
2024-02-07 19:13:47.775 DEBUG 17412 --- [o-auto-1-exec-1] c.m.c.service.impl.EmployeeServiceImpl   : Reading employee with id [b7839309-3348-463b-a7e3-5de1c168beb3]
2024-02-07 19:13:47.776 DEBUG 17412 --- [o-auto-1-exec-1] c.m.c.service.impl.EmployeeServiceImpl   : Reading employee with id [03aa1462-ffa9-4978-901b-7c001562cf6f]
2024-02-07 19:13:47.778 DEBUG 17412 --- [o-auto-1-exec-1] c.m.c.service.impl.EmployeeServiceImpl   : Reading employee with id [62c1084e-6e34-4630-93fd-9153afb65309]
2024-02-07 19:13:47.779 DEBUG 17412 --- [o-auto-1-exec-1] c.m.c.service.impl.EmployeeServiceImpl   : Reading employee with id [c0c2293d-16bd-4603-8e08-638a9d18b22c]
2024-02-07 19:13:47.807 DEBUG 17412 --- [    Test worker] c.m.c.controller.EmployeeController      : Received employee read request for id [16a596ae-edd3-4847-99fe-c4518e82c86f]
2024-02-07 19:13:47.807 DEBUG 17412 --- [    Test worker] c.m.c.service.impl.EmployeeServiceImpl   : Reading employee with id [16a596ae-edd3-4847-99fe-c4518e82c86f]
2024-02-07 19:13:47.825 DEBUG 17412 --- [o-auto-1-exec-2] c.m.c.controller.EmployeeController      : Received compensation create request for Employee ID [16a596ae-edd3-4847-99fe-c4518e82c86f] and compensation [com.mindex.challenge.data.Compensation@62830ec1]
2024-02-07 19:13:47.825 DEBUG 17412 --- [o-auto-1-exec-2] c.m.c.service.impl.EmployeeServiceImpl   : Persisting Compensation [com.mindex.challenge.data.Compensation@62830ec1]
2024-02-07 19:13:47.829  INFO 17412 --- [-server-worker2] d.b.mongo.backend.AbstractMongoDatabase  : adding unique _id index for collection compensation
2024-02-07 19:13:47.829  INFO 17412 --- [-server-worker2] d.b.mongo.backend.AbstractMongoDatabase  : created collection test.compensation
2024-02-07 19:13:47.834 DEBUG 17412 --- [o-auto-1-exec-3] c.m.c.controller.EmployeeController      : Received compensation get request for Employee ID [16a596ae-edd3-4847-99fe-c4518e82c86f]
2024-02-07 19:13:47.835 DEBUG 17412 --- [o-auto-1-exec-3] c.m.c.service.impl.EmployeeServiceImpl   : Reading Compensation with Employee ID [16a596ae-edd3-4847-99fe-c4518e82c86f]
]]></system-out>
  <system-err><![CDATA[]]></system-err>
</testsuite>
